1 ,(x,y) = (0.736812 , 0.676098  ), 当前距离: 1
2 ,(x,y) = (1.52628 , 0.062307  ), 当前距离: 1.52755
3 ,(x,y) = (0.679864 , -0.470215  ), 当前距离: 0.826629
4 ,(x,y) = (1.44972 , 0.168003  ), 当前距离: 1.45942
5 ,(x,y) = (0.480831 , -0.0794929  ), 当前距离: 0.487357
6 ,(x,y) = (0.847236 , -1.00995  ), 当前距离: 1.31826
7 ,(x,y) = (0.741333 , -0.0155717  ), 当前距离: 0.741496
8 ,(x,y) = (1.3898 , 0.74567  ), 当前距离: 1.5772
9 ,(x,y) = (1.55974 , 1.73112  ), 当前距离: 2.33015
10 ,(x,y) = (1.15419 , 2.6452  ), 当前距离: 2.88604
11 ,(x,y) = (0.91208 , 3.61545  ), 当前距离: 3.72872
12 ,(x,y) = (1.56055 , 4.37669  ), 当前距离: 4.64658
13 ,(x,y) = (1.95893 , 3.45947  ), 当前距离: 3.97559
14 ,(x,y) = (2.79078 , 4.01446  ), 当前距离: 4.88921
15 ,(x,y) = (2.42862 , 3.08235  ), 当前距离: 3.92416
16 ,(x,y) = (3.42718 , 3.02882  ), 当前距离: 4.57377
17 ,(x,y) = (2.69793 , 3.71306  ), 当前距离: 4.58974
18 ,(x,y) = (1.69898 , 3.75877  ), 当前距离: 4.12491
19 ,(x,y) = (2.68941 , 3.89676  ), 当前距离: 4.73473
20 ,(x,y) = (1.69793 , 4.027  ), 当前距离: 4.37032
21 ,(x,y) = (0.807908 , 3.57107  ), 当前距离: 3.66132
22 ,(x,y) = (-0.0821089 , 3.11514  ), 当前距离: 3.11623
23 ,(x,y) = (0.863795 , 2.7907  ), 当前距离: 2.92132
24 ,(x,y) = (1.42987 , 3.61505  ), 当前距离: 3.88756
25 ,(x,y) = (2.16446 , 2.93654  ), 当前距离: 3.64803
26 ,(x,y) = (1.239 , 2.55771  ), 当前距离: 2.842
27 ,(x,y) = (0.963461 , 3.519  ), 当前距离: 3.64851
28 ,(x,y) = (0.223581 , 4.19173  ), 当前距离: 4.19769
29 ,(x,y) = (1.20521 , 4.00092  ), 当前距离: 4.1785
30 ,(x,y) = (0.450558 , 3.34479  ), 当前距离: 3.375
31 ,(x,y) = (0.851947 , 4.2607  ), 当前距离: 4.34504
32 ,(x,y) = (1.10482 , 5.2282  ), 当前距离: 5.34366
33 ,(x,y) = (2.07483 , 4.98511  ), 当前距离: 5.39966
34 ,(x,y) = (1.55758 , 4.12928  ), 当前距离: 4.41328
35 ,(x,y) = (1.02698 , 3.28166  ), 当前距离: 3.4386
36 ,(x,y) = (1.90289 , 2.79919  ), 当前距离: 3.38474
37 ,(x,y) = (1.64245 , 3.76467  ), 当前距离: 4.10736
38 ,(x,y) = (2.63009 , 3.60794  ), 当前距离: 4.46482
39 ,(x,y) = (2.17619 , 4.49899  ), 当前距离: 4.99767
40 ,(x,y) = (1.69173 , 5.37381  ), 当前距离: 5.6338
41 ,(x,y) = (0.786467 , 4.94895  ), 当前距离: 5.01105
42 ,(x,y) = (-0.125337 , 4.53832  ), 当前距离: 4.54005
43 ,(x,y) = (0.520629 , 3.77496  ), 当前距离: 3.81069
44 ,(x,y) = (-0.275612 , 4.37994  ), 当前距离: 4.3886
45 ,(x,y) = (-1.05251 , 3.75031  ), 当前距离: 3.89521
46 ,(x,y) = (-1.19601 , 2.76066  ), 当前距离: 3.0086
47 ,(x,y) = (-1.28959 , 1.76505  ), 当前距离: 2.18597
48 ,(x,y) = (-2.27651 , 1.60383  ), 当前距离: 2.78474
49 ,(x,y) = (-2.82032 , 2.44304  ), 当前距离: 3.7313
50 ,(x,y) = (-3.66673 , 1.91052  ), 当前距离: 4.13461
51 ,(x,y) = (-3.82571 , 2.8978  ), 当前距离: 4.7993
52 ,(x,y) = (-3.69322 , 1.90661  ), 当前距离: 4.15633
53 ,(x,y) = (-2.99366 , 2.62118  ), 当前距离: 3.97902
54 ,(x,y) = (-2.64494 , 1.68395  ), 当前距离: 3.13551
55 ,(x,y) = (-1.99898 , 0.920587  ), 当前距离: 2.20077
56 ,(x,y) = (-0.998979 , 0.920587  ), 当前距离: 1.35847
57 ,(x,y) = (-0.158532 , 0.378692  ), 当前距离: 0.410536
58 ,(x,y) = (-0.229965 , 1.37614  ), 当前距离: 1.39522
59 ,(x,y) = (0.580269 , 0.790031  ), 当前距离: 0.980236
60 ,(x,y) = (0.697217 , 1.78317  ), 当前距离: 1.91463
61 ,(x,y) = (1.53766 , 1.24127  ), 当前距离: 1.97615
62 ,(x,y) = (1.68891 , 2.22977  ), 当前距离: 2.79719
63 ,(x,y) = (0.695504 , 2.34446  ), 当前距离: 2.44545
64 ,(x,y) = (-0.242517 , 1.99788  ), 当前距离: 2.01254
65 ,(x,y) = (-0.949979 , 1.29113  ), 当前距离: 1.60296
66 ,(x,y) = (-0.396881 , 2.12424  ), 当前距离: 2.161
67 ,(x,y) = (0.124261 , 1.27077  ), 当前距离: 1.27683
68 ,(x,y) = (0.493718 , 2.20002  ), 当前距离: 2.25474
69 ,(x,y) = (1.46452 , 2.43992  ), 当前距离: 2.8457
70 ,(x,y) = (2.11298 , 3.20116  ), 当前距离: 3.83564
71 ,(x,y) = (2.51437 , 4.11707  ), 当前距离: 4.82414
72 ,(x,y) = (2.56235 , 5.11592  ), 当前距离: 5.72174
73 ,(x,y) = (3.0968 , 4.27072  ), 当前距离: 5.27534
74 ,(x,y) = (3.85656 , 4.92092  ), 当前距离: 6.25208
75 ,(x,y) = (2.86466 , 4.79394  ), 当前距离: 5.58463
76 ,(x,y) = (3.85463 , 4.65269  ), 当前距离: 6.042
77 ,(x,y) = (2.85553 , 4.61026  ), 当前距离: 5.42297
78 ,(x,y) = (2.10088 , 3.95414  ), 当前距离: 4.4776
79 ,(x,y) = (2.21457 , 2.96062  ), 当前距离: 3.69724
80 ,(x,y) = (1.40895 , 3.55305  ), 当前距离: 3.82222
81 ,(x,y) = (0.440063 , 3.30556  ), 当前距离: 3.33472
82 ,(x,y) = (-0.470388 , 3.71917  ), 当前距离: 3.7488
83 ,(x,y) = (0.123877 , 4.52344  ), 当前距离: 4.52514
84 ,(x,y) = (0.376753 , 5.49094  ), 当前距离: 5.50385
85 ,(x,y) = (0.897895 , 4.63747  ), 当前距离: 4.72359
86 ,(x,y) = (1.31358 , 5.54698  ), 当前距离: 5.70039
87 ,(x,y) = (0.859681 , 6.43803  ), 当前距离: 6.49517
88 ,(x,y) = (-0.0124265 , 6.92735  ), 当前距离: 6.92736
89 ,(x,y) = (0.37154 , 7.85069  ), 当前距离: 7.85948
90 ,(x,y) = (0.450782 , 6.85384  ), 当前距离: 6.86865
91 ,(x,y) = (1.39669 , 6.52939  ), 当前距离: 6.6771
92 ,(x,y) = (2.38666 , 6.38815  ), 当前距离: 6.81943
93 ,(x,y) = (3.37709 , 6.52614  ), 当前距离: 7.34815
94 ,(x,y) = (3.91154 , 5.68094  ), 当前距离: 6.89733
95 ,(x,y) = (4.89317 , 5.49012  ), 当前距离: 7.35422
96 ,(x,y) = (3.96188 , 5.85441  ), 当前距离: 7.06899
97 ,(x,y) = (3.52494 , 6.7539  ), 当前距离: 7.61843
98 ,(x,y) = (3.59183 , 7.75166  ), 当前距离: 8.54339
99 ,(x,y) = (4.5484 , 7.46014  ), 当前距离: 8.73737
100 ,(x,y) = (5.46339 , 7.86361  ), 当前距离: 9.57523
101 ,(x,y) = (5.64552 , 6.88034  ), 当前距离: 8.90005
102 ,(x,y) = (6.63549 , 6.7391  ), 当前距离: 9.45755
103 ,(x,y) = (5.80801 , 6.1776  ), 当前距离: 8.47914
104 ,(x,y) = (5.15112 , 5.42362  ), 当前距离: 7.47995
105 ,(x,y) = (5.33648 , 6.40629  ), 当前距离: 8.33778
106 ,(x,y) = (6.12595 , 5.7925  ), 当前距离: 8.43091
107 ,(x,y) = (5.13024 , 5.69992  ), 当前距离: 7.66867
108 ,(x,y) = (4.4118 , 5.00433  ), 当前距离: 6.67138
109 ,(x,y) = (3.43915 , 5.23662  ), 当前距离: 6.26498
110 ,(x,y) = (3.27693 , 4.24987  ), 当前距离: 5.36653
111 ,(x,y) = (4.24385 , 4.50494  ), 当前距离: 6.18909
112 ,(x,y) = (4.73515 , 3.63395  ), 当前距离: 5.96886
113 ,(x,y) = (4.44145 , 4.58985  ), 当前距离: 6.38696
114 ,(x,y) = (5.39897 , 4.87823  ), 当前距离: 7.2764
115 ,(x,y) = (5.17209 , 5.85216  ), 当前距离: 7.81013
116 ,(x,y) = (6.08708 , 6.25563  ), 当前距离: 8.72842
117 ,(x,y) = (5.08735 , 6.23213  ), 当前距离: 8.04492
118 ,(x,y) = (4.61955 , 7.11597  ), 当前距离: 8.48394
119 ,(x,y) = (5.4878 , 7.6121  ), 当前距离: 9.38403
120 ,(x,y) = (6.41498 , 7.23748  ), 当前距离: 9.67125
121 ,(x,y) = (5.85537 , 6.40872  ), 当前距离: 8.68085
122 ,(x,y) = (6.50384 , 7.16997  ), 当前距离: 9.68031
123 ,(x,y) = (6.82303 , 8.11766  ), 当前距离: 10.6042
124 ,(x,y) = (6.15686 , 8.86346  ), 当前距离: 10.792
125 ,(x,y) = (7.11787 , 8.58695  ), 当前距离: 11.1535
126 ,(x,y) = (7.33391 , 7.61057  ), 当前距离: 10.5692
127 ,(x,y) = (7.29704 , 8.60989  ), 当前距离: 11.2861
128 ,(x,y) = (6.31012 , 8.44866  ), 当前距离: 10.545
129 ,(x,y) = (5.31048 , 8.47544  ), 当前距离: 10.0017
130 ,(x,y) = (4.44614 , 7.97252  ), 当前距离: 9.12849
131 ,(x,y) = (4.23454 , 6.99517  ), 当前距离: 8.17702
132 ,(x,y) = (4.35149 , 7.9883  ), 当前距离: 9.09662
133 ,(x,y) = (3.35471 , 8.06855  ), 当前距离: 8.73817
134 ,(x,y) = (2.90081 , 8.9596  ), 当前距离: 9.41749
135 ,(x,y) = (2.09519 , 9.55204  ), 当前距离: 9.77912
136 ,(x,y) = (2.03612 , 8.55378  ), 当前距离: 8.79278
137 ,(x,y) = (3.01055 , 8.32912  ), 当前距离: 8.8565
138 ,(x,y) = (3.87717 , 7.83014  ), 当前距离: 8.73748
139 ,(x,y) = (4.09642 , 8.80581  ), 当前距离: 9.712
140 ,(x,y) = (5.0625 , 8.54756  ), 当前距离: 9.93427
141 ,(x,y) = (4.07611 , 8.71202  ), 当前距离: 9.61842
142 ,(x,y) = (3.58878 , 7.83881  ), 当前距离: 8.62127
143 ,(x,y) = (3.29195 , 6.88388  ), 当前距离: 7.63051
144 ,(x,y) = (3.27073 , 7.88365  ), 当前距离: 8.5352
145 ,(x,y) = (2.28189 , 8.03264  ), 当前距离: 8.35047
146 ,(x,y) = (1.5294 , 8.69125  ), 当前距离: 8.82478
147 ,(x,y) = (1.29932 , 7.71807  ), 当前距离: 7.82668
148 ,(x,y) = (0.44467 , 8.23727  ), 当前距离: 8.24927
149 ,(x,y) = (0.6268 , 7.254  ), 当前距离: 7.28103
150 ,(x,y) = (1.05668 , 6.35111  ), 当前距离: 6.43842
151 ,(x,y) = (1.7539 , 5.63425  ), 当前距离: 5.90093
152 ,(x,y) = (0.835773 , 6.03054  ), 当前距离: 6.08818
153 ,(x,y) = (1.82575 , 5.8893  ), 当前距离: 6.16581
154 ,(x,y) = (1.1318 , 5.16927  ), 当前距离: 5.29173
155 ,(x,y) = (1.45099 , 6.11697  ), 当前距离: 6.2867
156 ,(x,y) = (2.33435 , 5.64828  ), 当前距离: 6.11164
157 ,(x,y) = (1.49817 , 6.19674  ), 当前距离: 6.37527
158 ,(x,y) = (0.743523 , 5.54061  ), 当前距离: 5.59027
159 ,(x,y) = (-0.193355 , 5.89026  ), 当前距离: 5.89344
160 ,(x,y) = (-1.11882 , 5.51143  ), 当前距离: 5.62385
161 ,(x,y) = (-1.55871 , 4.61338  ), 当前距离: 4.86959
162 ,(x,y) = (-1.29071 , 3.64996  ), 当前距离: 3.87145
163 ,(x,y) = (-1.29627 , 2.64998  ), 当前距离: 2.95003
164 ,(x,y) = (-0.435896 , 3.15965  ), 当前距离: 3.18957
165 ,(x,y) = (0.554537 , 3.29764  ), 当前距离: 3.34394
166 ,(x,y) = (-0.150603 , 4.00671  ), 当前距离: 4.00954
167 ,(x,y) = (-0.102624 , 5.00556  ), 当前距离: 5.00661
168 ,(x,y) = (-0.965305 , 5.51131  ), 当前距离: 5.5952
169 ,(x,y) = (-0.123085 , 6.05044  ), 当前距离: 6.05169
170 ,(x,y) = (0.656673 , 5.42436  ), 当前距离: 5.46396
171 ,(x,y) = (1.59626 , 5.08205  ), 当前距离: 5.32685
172 ,(x,y) = (2.17518 , 4.26667  ), 当前距离: 4.78914
173 ,(x,y) = (2.94504 , 4.90489  ), 当前距离: 5.72112
174 ,(x,y) = (1.95127 , 4.79346  ), 当前距离: 5.17539
175 ,(x,y) = (2.95127 , 4.79346  ), 当前距离: 5.62914
176 ,(x,y) = (2.18643 , 4.14923  ), 当前距离: 4.69005
177 ,(x,y) = (2.40568 , 5.1249  ), 当前距离: 5.66144
178 ,(x,y) = (3.07767 , 4.38434  ), 当前距离: 5.35673
179 ,(x,y) = (3.64375 , 5.20869  ), 当前距离: 6.35668
180 ,(x,y) = (4.49258 , 4.68003  ), 当前距离: 6.48737
181 ,(x,y) = (5.25021 , 4.02734  ), 当前距离: 6.61696
182 ,(x,y) = (5.51821 , 3.06392  ), 当前距离: 6.31176
183 ,(x,y) = (5.25776 , 4.02941  ), 当前距离: 6.62422
184 ,(x,y) = (6.00289 , 3.36249  ), 当前距离: 6.88048
185 ,(x,y) = (6.25259 , 2.39416  ), 当前距离: 6.69529
186 ,(x,y) = (6.77653 , 3.24592  ), 当前距离: 7.51381
187 ,(x,y) = (6.0017 , 3.87809  ), 当前距离: 7.14563
188 ,(x,y) = (6.04968 , 4.87694  ), 当前距离: 7.77066
189 ,(x,y) = (6.8919 , 5.41607  ), 当前距离: 8.76539
190 ,(x,y) = (7.1599 , 4.45265  ), 当前距离: 8.4315
191 ,(x,y) = (8.14439 , 4.27724  ), 当前距离: 9.19923
192 ,(x,y) = (8.85737 , 4.97843  ), 当前距离: 10.1606
193 ,(x,y) = (7.97615 , 4.50572  ), 当前距离: 9.16081
194 ,(x,y) = (7.27101 , 5.21479  ), 当前距离: 8.94771
195 ,(x,y) = (6.49618 , 5.84696  ), 当前距离: 8.73998
196 ,(x,y) = (5.74153 , 5.19083  ), 当前距离: 7.74015
197 ,(x,y) = (6.15722 , 6.10034  ), 当前距离: 8.66749
198 ,(x,y) = (5.19232 , 5.8377  ), 当前距离: 7.81274
199 ,(x,y) = (4.19421 , 5.89904  ), 当前距离: 7.2381
200 ,(x,y) = (4.96196 , 5.2583  ), 当前距离: 7.22986
201 ,(x,y) = (4.13448 , 4.69681  ), 当前距离: 6.25731
202 ,(x,y) = (4.8089 , 5.43516  ), 当前距离: 7.25717
203 ,(x,y) = (3.81187 , 5.35819  ), 当前距离: 6.57575
204 ,(x,y) = (3.89438 , 6.35478  ), 当前距离: 7.45315
205 ,(x,y) = (4.86046 , 6.09653  ), 当前距离: 7.7969
206 ,(x,y) = (3.98675 , 5.61008  ), 当前距离: 6.88238
207 ,(x,y) = (3.54981 , 6.50957  ), 当前距离: 7.41456
208 ,(x,y) = (3.39083 , 7.49685  ), 当前距离: 8.22803
209 ,(x,y) = (2.76298 , 8.27518  ), 当前距离: 8.72426
210 ,(x,y) = (3.16136 , 7.35796  ), 当前距离: 8.00836
211 ,(x,y) = (3.08993 , 8.35541  ), 当前距离: 8.90845
212 ,(x,y) = (3.76435 , 9.09376  ), 当前距离: 9.84209
213 ,(x,y) = (2.79546 , 8.84626  ), 当前距离: 9.27744
214 ,(x,y) = (1.84121 , 9.14526  ), 当前距离: 9.32877
215 ,(x,y) = (2.62302 , 9.76878  ), 当前距离: 10.1148
216 ,(x,y) = (3.61066 , 9.61205  ), 当前距离: 10.2678
217 ,(x,y) = (2.82602 , 10.232  ), 当前距离: 10.6151
218 ,(x,y) = (3.48879 , 10.9808  ), 当前距离: 11.5217
219 ,(x,y) = (4.28975 , 10.3821  ), 当前距离: 11.2334
220 ,(x,y) = (5.26758 , 10.1727  ), 当前距离: 11.4556
221 ,(x,y) = (5.28097 , 11.1726  ), 当前距离: 12.3579
222 ,(x,y) = (5.66494 , 12.096  ), 当前距离: 13.3568
223 ,(x,y) = (6.61084 , 11.7715  ), 当前距离: 13.5008
224 ,(x,y) = (5.64595 , 11.5089  ), 当前距离: 12.8192
225 ,(x,y) = (5.058 , 10.7  ), 当前距离: 11.8353
226 ,(x,y) = (5.14051 , 11.6966  ), 当前距离: 12.7763
227 ,(x,y) = (4.14156 , 11.7423  ), 当前距离: 12.4513
228 ,(x,y) = (3.21027 , 12.1066  ), 当前距离: 12.525
229 ,(x,y) = (3.68787 , 12.9852  ), 当前距离: 13.4987
230 ,(x,y) = (4.67011 , 13.1728  ), 当前距离: 13.9761
231 ,(x,y) = (5.06849 , 12.2555  ), 当前距离: 13.2623
232 ,(x,y) = (5.69023 , 13.0388  ), 当前距离: 14.2263
233 ,(x,y) = (5.4147 , 14  ), 当前距离: 15.0107
234 ,(x,y) = (6.27339 , 13.4876  ), 当前距离: 14.8751
235 ,(x,y) = (7.04115 , 12.8468  ), 当前距离: 14.6499
236 ,(x,y) = (6.36097 , 13.5799  ), 当前距离: 14.9958
237 ,(x,y) = (7.30167 , 13.9191  ), 当前距离: 15.718
238 ,(x,y) = (7.61775 , 12.9703  ), 当前距离: 15.0419
239 ,(x,y) = (7.54304 , 11.9731  ), 当前距离: 14.1511
240 ,(x,y) = (8.53302 , 11.8319  ), 当前距离: 14.5879
241 ,(x,y) = (9.49403 , 11.5554  ), 当前距离: 14.9554
242 ,(x,y) = (9.69475 , 10.5757  ), 当前距离: 14.3469
243 ,(x,y) = (8.9655 , 11.26  ), 当前距离: 14.3933
244 ,(x,y) = (9.53158 , 12.0843  ), 当前距离: 15.391
245 ,(x,y) = (10.3113 , 11.4583  ), 当前距离: 15.4148
246 ,(x,y) = (11.2104 , 11.0204  ), 当前距离: 15.7201
247 ,(x,y) = (10.2104 , 11.0126  ), 当前距离: 15.0176
248 ,(x,y) = (9.5418 , 10.269  ), 当前距离: 14.0178
249 ,(x,y) = (8.9114 , 9.49271  ), 当前距离: 13.0202
250 ,(x,y) = (9.86328 , 9.79918  ), 当前距离: 13.9035
251 ,(x,y) = (10.8509 , 9.64245  ), 当前距离: 14.5162
252 ,(x,y) = (11.7968 , 9.318  ), 当前距离: 15.033
253 ,(x,y) = (11.022 , 9.95017  ), 当前距离: 14.8489
254 ,(x,y) = (11.1919 , 10.9356  ), 当前距离: 15.6476
255 ,(x,y) = (11.5759 , 11.859  ), 当前距离: 16.5722
256 ,(x,y) = (12.399 , 12.4269  ), 当前距离: 17.5546
257 ,(x,y) = (12.0222 , 11.5006  ), 当前距离: 16.6372
258 ,(x,y) = (11.0582 , 11.7664  ), 当前距离: 16.1472
259 ,(x,y) = (10.696 , 10.8343  ), 当前距离: 15.2246
260 ,(x,y) = (9.82234 , 10.3478  ), 当前距离: 14.2673
261 ,(x,y) = (10.58 , 9.69516  ), 当前距离: 14.3503
262 ,(x,y) = (10.7992 , 10.6708  ), 当前距离: 15.1819
263 ,(x,y) = (10.3907 , 9.75809  ), 当前距离: 14.2543
264 ,(x,y) = (9.44121 , 9.44417  ), 当前距离: 13.354
265 ,(x,y) = (8.56154 , 9.91977  ), 当前距离: 13.1035
266 ,(x,y) = (9.49565 , 9.56279  ), 当前距离: 13.4764
267 ,(x,y) = (9.87659 , 8.63818  ), 当前距离: 13.1212
268 ,(x,y) = (8.87687 , 8.61469  ), 当前距离: 12.3698
269 ,(x,y) = (9.76895 , 8.16282  ), 当前距离: 12.7304
270 ,(x,y) = (8.76898 , 8.15499  ), 当前距离: 11.9749
271 ,(x,y) = (9.69145 , 8.54105  ), 当前距离: 12.918
272 ,(x,y) = (9.33234 , 9.47435  ), 当前距离: 13.2987
273 ,(x,y) = (8.71676 , 8.68628  ), 当前距离: 12.3058
274 ,(x,y) = (7.75794 , 8.9703  ), 当前距离: 11.8597
275 ,(x,y) = (6.83247 , 8.59147  ), 当前距离: 10.9771
276 ,(x,y) = (6.7045 , 7.59969  ), 当前距离: 10.1344
277 ,(x,y) = (7.02368 , 8.54739  ), 当前距离: 11.063
278 ,(x,y) = (6.17902 , 9.08268  ), 当前距离: 10.9852
279 ,(x,y) = (7.17542 , 9.16746  ), 当前距离: 11.6417
280 ,(x,y) = (7.99848 , 9.73542  ), 当前距离: 12.5998
281 ,(x,y) = (8.26648 , 8.772  ), 当前距离: 12.0533
282 ,(x,y) = (8.16057 , 9.76637  ), 当前距离: 12.727
283 ,(x,y) = (9.15669 , 9.67832  ), 当前距离: 13.3235
284 ,(x,y) = (9.08198 , 8.68112  ), 当前距离: 12.5636
285 ,(x,y) = (8.44202 , 9.44952  ), 当前距离: 12.6713
286 ,(x,y) = (8.5557 , 8.456  ), 当前距离: 12.0293
287 ,(x,y) = (8.58475 , 7.45643  ), 当前距离: 11.3709
288 ,(x,y) = (7.68916 , 7.9013  ), 当前距离: 11.0251
289 ,(x,y) = (6.75228 , 8.25095  ), 当前距离: 10.6617
290 ,(x,y) = (5.76536 , 8.08973  ), 当前距离: 9.93394
291 ,(x,y) = (6.19524 , 7.18684  ), 当前距离: 9.48851
292 ,(x,y) = (5.60729 , 6.37795  ), 当前距离: 8.49235
293 ,(x,y) = (5.70541 , 5.38277  ), 当前距离: 7.84384
294 ,(x,y) = (5.76903 , 4.3848  ), 当前距离: 7.24625
295 ,(x,y) = (5.07745 , 5.1071  ), 当前距离: 7.20159
296 ,(x,y) = (4.76569 , 4.15693  ), 当前距离: 6.32392
297 ,(x,y) = (3.88603 , 4.63253  ), 当前距离: 6.04661
298 ,(x,y) = (4.79459 , 5.05028  ), 当前距离: 6.96372
299 ,(x,y) = (4.63561 , 6.03756  ), 当前距离: 7.6119
300 ,(x,y) = (5.57089 , 6.39148  ), 当前距离: 8.47855
301 ,(x,y) = (5.11698 , 7.28253  ), 当前距离: 8.90049
302 ,(x,y) = (6.07355 , 6.99101  ), 当前距离: 9.26079
303 ,(x,y) = (5.68236 , 7.91132  ), 当前距离: 9.74055
304 ,(x,y) = (4.94028 , 7.24101  ), 当前距离: 8.76576
305 ,(x,y) = (5.04166 , 8.23586  ), 当前距离: 9.65649
306 ,(x,y) = (4.864 , 7.25177  ), 当前距离: 8.73193
307 ,(x,y) = (3.88784 , 7.4688  ), 当前距离: 8.42011
308 ,(x,y) = (4.46943 , 8.28227  ), 当前距离: 9.41126
309 ,(x,y) = (3.5142 , 7.9864  ), 当前距离: 8.72538
310 ,(x,y) = (3.35522 , 8.97368  ), 当前距离: 9.58043
311 ,(x,y) = (2.74223 , 9.76377  ), 当前距离: 10.1415
312 ,(x,y) = (3.35162 , 10.5566  ), 当前距离: 11.0759
313 ,(x,y) = (2.94607 , 11.4707  ), 当前距离: 11.843
314 ,(x,y) = (1.978 , 11.7214  ), 当前距离: 11.8871
315 ,(x,y) = (1.23812 , 12.3941  ), 当前距离: 12.4558
316 ,(x,y) = (0.42142 , 12.9712  ), 当前距离: 12.978
317 ,(x,y) = (-0.122386 , 13.8104  ), 当前距离: 13.8109
318 ,(x,y) = (-0.623333 , 12.9449  ), 当前距离: 12.9599
319 ,(x,y) = (-1.52859 , 12.5201  ), 当前距离: 12.613
320 ,(x,y) = (-1.83723 , 13.4712  ), 当前距离: 13.5959
321 ,(x,y) = (-2.03027 , 14.4524  ), 当前距离: 14.5943
322 ,(x,y) = (-1.44868 , 15.2659  ), 当前距离: 15.3345
323 ,(x,y) = (-0.509091 , 14.9236  ), 当前距离: 14.9323
324 ,(x,y) = (0.225498 , 14.2451  ), 当前距离: 14.2469
325 ,(x,y) = (0.135183 , 15.241  ), 当前距离: 15.2416
326 ,(x,y) = (1.12766 , 15.1185  ), 当前距离: 15.1605
327 ,(x,y) = (0.23914 , 15.5774  ), 当前距离: 15.5792
328 ,(x,y) = (-0.123028 , 14.6453  ), 当前距离: 14.6458
329 ,(x,y) = (-1.11187 , 14.7943  ), 当前距离: 14.836
330 ,(x,y) = (-0.119394 , 14.6718  ), 当前距离: 14.6723
331 ,(x,y) = (0.880008 , 14.7064  ), 当前距离: 14.7327
332 ,(x,y) = (-0.108831 , 14.8554  ), 当前距离: 14.8558
333 ,(x,y) = (-0.317222 , 15.8334  ), 当前距离: 15.8366
334 ,(x,y) = (-1.12478 , 15.2437  ), 当前距离: 15.2851
335 ,(x,y) = (-1.00783 , 16.2368  ), 当前距离: 16.268
336 ,(x,y) = (-0.441753 , 17.0611  ), 当前距离: 17.0669
337 ,(x,y) = (-0.668635 , 18.0351  ), 当前距离: 18.0475
338 ,(x,y) = (-0.349449 , 18.9828  ), 当前距离: 18.986
339 ,(x,y) = (0.171693 , 18.1293  ), 当前距离: 18.1301
340 ,(x,y) = (0.409384 , 19.1006  ), 当前距离: 19.105
341 ,(x,y) = (0.213119 , 18.1201  ), 当前距离: 18.1213
342 ,(x,y) = (-0.571518 , 18.74  ), 当前距离: 18.7487
343 ,(x,y) = (-1.53959 , 18.9907  ), 当前距离: 19.053
344 ,(x,y) = (-1.23841 , 18.0371  ), 当前距离: 18.0796
345 ,(x,y) = (-0.631625 , 17.2423  ), 当前距离: 17.2538
346 ,(x,y) = (-1.34778 , 17.9402  ), 当前距离: 17.9908
347 ,(x,y) = (-1.35006 , 18.9402  ), 当前距离: 18.9883
348 ,(x,y) = (-1.40914 , 17.942  ), 当前距离: 17.9972
349 ,(x,y) = (-1.92358 , 18.7995  ), 当前距离: 18.8976
350 ,(x,y) = (-2.31778 , 17.8805  ), 当前距离: 18.0301
351 ,(x,y) = (-1.3179 , 17.8961  ), 当前距离: 17.9446
352 ,(x,y) = (-0.424344 , 18.3451  ), 当前距离: 18.35
353 ,(x,y) = (-0.908805 , 19.2199  ), 当前距离: 19.2414
354 ,(x,y) = (-1.40691 , 20.087  ), 当前距离: 20.1362
